<?xml version="1.0" encoding="UTF-8"?>
<testsuite xmlns:xsi="http://www.w3.org/2001/XMLSchema-instance" xsi:noNamespaceSchemaLocation="https://maven.apache.org/surefire/maven-surefire-plugin/xsd/surefire-test-report.xsd" name="com.prituladima.AccountHolderEndpointTest" time="16.172" tests="5" errors="0" skipped="0" failures="0">
  <properties>
[...]
</properties>
  <testcase name="testListAllAccountHolders" classname="com.prituladima.AccountHolderEndpointTest" time="4.565"/>
  <testcase name="testAccountHolderDoesNotExist" classname="com.prituladima.AccountHolderEndpointTest" time="0.093"/>
  <testcase name="testAccountHolderUpdating" classname="com.prituladima.AccountHolderEndpointTest" time="0.185"/>
  <testcase name="testAccountHolderCreation" classname="com.prituladima.AccountHolderEndpointTest" time="0.075"/>
  <testcase name="testAccountHolderUpdatingByNotExistingId" classname="com.prituladima.AccountHolderEndpointTest" time="0.321"/>
</testsuite>